  pch.cpp
  714HW1.cpp
d:\mdx\dan\學校\wisconsin\2020fall\714\project\code\714hw1\714hw1\714hw1.cpp(206): warning C4244: 'initializing': conversion from 'double' to 'int', possible loss of data
d:\mdx\dan\學校\wisconsin\2020fall\714\project\code\714hw1\714hw1\714hw1.cpp(254): warning C4244: 'initializing': conversion from 'double' to 'int', possible loss of data
d:\mdx\dan\學校\wisconsin\2020fall\714\project\code\714hw1\714hw1\714hw1.cpp(303): warning C4244: 'initializing': conversion from 'double' to 'int', possible loss of data
d:\mdx\dan\學校\wisconsin\2020fall\714\project\code\714hw1\714hw1\714hw1.cpp(341): warning C4244: 'initializing': conversion from 'double' to 'int', possible loss of data
  Grid.cpp
d:\mdx\dan\學校\wisconsin\2020fall\714\project\code\714hw1\714hw1\grid.cpp(126): warning C4101: 'MaxError': unreferenced local variable
d:\mdx\dan\學校\wisconsin\2020fall\714\project\code\714hw1\714hw1\grid.cpp(126): warning C4101: 'Error': unreferenced local variable
d:\mdx\dan\學校\wisconsin\2020fall\714\project\code\714hw1\714hw1\grid.cpp(132): warning C4101: 'f': unreferenced local variable
d:\mdx\dan\學校\wisconsin\2020fall\714\project\code\714hw1\714hw1\grid.cpp(132): warning C4101: 'dudy': unreferenced local variable
d:\mdx\dan\學校\wisconsin\2020fall\714\project\code\714hw1\714hw1\grid.cpp(125): warning C4101: 'iCount': unreferenced local variable
d:\mdx\dan\學校\wisconsin\2020fall\714\project\code\714hw1\714hw1\grid.cpp(180): warning C4244: 'initializing': conversion from 'double' to 'int', possible loss of data
d:\mdx\dan\學校\wisconsin\2020fall\714\project\code\714hw1\714hw1\grid.cpp(202): warning C4101: 'MaxError': unreferenced local variable
d:\mdx\dan\學校\wisconsin\2020fall\714\project\code\714hw1\714hw1\grid.cpp(202): warning C4101: 'Error': unreferenced local variable
d:\mdx\dan\學校\wisconsin\2020fall\714\project\code\714hw1\714hw1\grid.cpp(208): warning C4101: 'f': unreferenced local variable
d:\mdx\dan\學校\wisconsin\2020fall\714\project\code\714hw1\714hw1\grid.cpp(208): warning C4101: 'dudy': unreferenced local variable
d:\mdx\dan\學校\wisconsin\2020fall\714\project\code\714hw1\714hw1\grid.cpp(201): warning C4101: 'iCount': unreferenced local variable
d:\mdx\dan\學校\wisconsin\2020fall\714\project\code\714hw1\714hw1\grid.cpp(680): warning C4244: 'initializing': conversion from 'double' to 'int', possible loss of data
d:\mdx\dan\學校\wisconsin\2020fall\714\project\code\714hw1\714hw1\grid.cpp(731): warning C4244: 'initializing': conversion from 'double' to 'int', possible loss of data
d:\mdx\dan\學校\wisconsin\2020fall\714\project\code\714hw1\714hw1\grid.cpp(781): warning C4244: 'initializing': conversion from 'double' to 'int', possible loss of data
d:\mdx\dan\學校\wisconsin\2020fall\714\project\code\714hw1\714hw1\grid.cpp(813): warning C4244: 'initializing': conversion from 'double' to 'int', possible loss of data
d:\mdx\dan\學校\wisconsin\2020fall\714\project\code\714hw1\714hw1\grid.cpp(951): warning C4244: 'initializing': conversion from 'double' to 'int', possible loss of data
d:\mdx\dan\學校\wisconsin\2020fall\714\project\code\714hw1\714hw1\grid.cpp(1031): warning C4244: 'initializing': conversion from 'double' to 'int', possible loss of data
d:\mdx\dan\學校\wisconsin\2020fall\714\project\code\714hw1\714hw1\grid.cpp(1111): warning C4244: 'initializing': conversion from 'double' to 'int', possible loss of data
d:\mdx\dan\學校\wisconsin\2020fall\714\project\code\714hw1\714hw1\grid.cpp(1970): warning C4244: 'initializing': conversion from 'double' to 'int', possible loss of data
d:\mdx\dan\學校\wisconsin\2020fall\714\project\code\714hw1\714hw1\grid.cpp(2080): warning C4101: 'MaxError': unreferenced local variable
d:\mdx\dan\學校\wisconsin\2020fall\714\project\code\714hw1\714hw1\grid.cpp(2080): warning C4101: 'Error': unreferenced local variable
d:\mdx\dan\學校\wisconsin\2020fall\714\project\code\714hw1\714hw1\grid.cpp(2079): warning C4101: 'iCount': unreferenced local variable
d:\mdx\dan\學校\wisconsin\2020fall\714\project\code\714hw1\714hw1\grid.cpp(2134): warning C4101: 'MaxError': unreferenced local variable
d:\mdx\dan\學校\wisconsin\2020fall\714\project\code\714hw1\714hw1\grid.cpp(2134): warning C4101: 'Error': unreferenced local variable
d:\mdx\dan\學校\wisconsin\2020fall\714\project\code\714hw1\714hw1\grid.cpp(2133): warning C4101: 'iCount': unreferenced local variable
  Generating code
  All 22 functions were compiled because no usable IPDB/IOBJ from previous compilation was found.
  Finished generating code
  714HW1.vcxproj -> D:\MDX\Dan\學校\Wisconsin\2020Fall\714\Project\Code\714HW1\x64\Release\714HW1.exe
